#
# There is insufficient memory for the Java Runtime Environment to continue.
# Native memory allocation (mmap) failed to map 132120576 bytes for Failed to commit area from 0x0000000082e00000 to 0x000000008ac00000 of length 132120576.
# Possible reasons:
#   The system is out of physical RAM or swap space
#   The process is running with CompressedOops enabled, and the Java Heap may be blocking the growth of the native heap
# Possible solutions:
#   Reduce memory load on the system
#   Increase physical memory or swap space
#   Check if swap backing store is full
#   Decrease Java heap size (-Xmx/-Xms)
#   Decrease number of Java threads
#   Decrease Java thread stack sizes (-Xss)
#   Set larger code cache with -XX:ReservedCodeCacheSize=
# This output file may be truncated or incomplete.
#
#  Out of Memory Error (./open/src/hotspot/os/windows/os_windows.cpp:3275), pid=28828, tid=8372
#
# JRE version:  (11.0.9+7) (build )
# Java VM: Java HotSpot(TM) 64-Bit Server VM (11.0.9+7-LTS, mixed mode, sharing, tiered, compressed oops, g1 gc, windows-amd64)
# No core dump will be written. Minidumps are not enabled by default on client versions of Windows
#

---------------  S U M M A R Y ------------

Command Line: -Dfile.encoding=MS949 GamePage

Host: Intel(R) Core(TM) i5-10210U CPU @ 1.60GHz, 8 cores, 7G,  Windows 10 , 64 bit Build 19041 (10.0.19041.1023)
Time: Sun Aug  1 08:00:01 2021 대한민국 표준시 elapsed time: 0.024974 seconds (0d 0h 0m 0s)

---------------  T H R E A D  ---------------

Current thread (0x000001e50c902000):  JavaThread "Unknown thread" [_thread_in_vm, id=8372, stack(0x00000052aaf00000,0x00000052ab000000)]

Stack: [0x00000052aaf00000,0x00000052ab000000]
Native frames: (J=compiled Java code, j=interpreted, Vv=VM code, C=native code)
V  [jvm.dll+0x611a3a]
V  [jvm.dll+0x748aaf]
V  [jvm.dll+0x74a135]
V  [jvm.dll+0x74a7b3]
V  [jvm.dll+0x2439f8]
V  [jvm.dll+0x60eeda]
V  [jvm.dll+0x603de5]
V  [jvm.dll+0x2f785c]
V  [jvm.dll+0x2f76e2]
V  [jvm.dll+0x2fc396]
V  [jvm.dll+0x33e1df]
V  [jvm.dll+0x33dc10]
V  [jvm.dll+0x2d5aa8]
V  [jvm.dll+0x2d6c06]
V  [jvm.dll+0x724927]
V  [jvm.dll+0x7261cf]
V  [jvm.dll+0x34af59]
V  [jvm.dll+0x70a4a0]
V  [jvm.dll+0x3b415f]
V  [jvm.dll+0x3b6201]
C  [jli.dll+0x520b]
C  [ucrtbase.dll+0x21bb2]
C  [KERNEL32.DLL+0x17034]
C  [ntdll.dll+0x52651]


---------------  P R O C E S S  ---------------

Threads class SMR info:
_java_thread_list=0x000001e50af3c5b0, length=0, elements={
}

Java Threads: ( => current thread )

Other Threads:
  0x000001e50c917000 GCTaskThread "GC Thread#0" [stack: 0x00000052ab000000,0x00000052ab100000] [id=24020]
  0x000001e50c949800 ConcurrentGCThread "G1 Main Marker" [stack: 0x00000052ab100000,0x00000052ab200000] [id=19024]
  0x000001e50c94b800 ConcurrentGCThread "G1 Conc#0" [stack: 0x00000052ab200000,0x00000052ab300000] [id=16160]

[error occurred during error reporting (printing all threads), id 0xc0000005, EXCEPTION_ACCESS_VIOLATION (0xc0000005) at pc=0x00007ffc443a42a7]

VM state:not at safepoint (not fully initialized)

VM Mutex/Monitor currently owned by a thread:  ([mutex/lock_event])
[0x000001e50c8ff390] Heap_lock - owner thread: 0x000001e50c902000

Heap address: 0x0000000082e00000, size: 2002 MB, Compressed Oops mode: Non-zero based: 0x0000000082e00000
Narrow klass base: 0x0000000000000000, Narrow klass shift: 0

GC Heap History (0 events):
No events

Deoptimization events (0 events):
No events

Classes redefined (0 events):
No events

Internal exceptions (0 events):
No events

Events (0 events):
No events


Dynamic libraries:
0x00007ff640370000 - 0x00007ff64037f000 	C:\DEV\jdk-11.0.9\bin\javaw.exe
0x00007ffca70b0000 - 0x00007ffca72a5000 	C:\WINDOWS\SYSTEM32\ntdll.dll
0x00007ffca5330000 - 0x00007ffca53ed000 	C:\WINDOWS\System32\KERNEL32.DLL
0x00007ffca4940000 - 0x00007ffca4c09000 	C:\WINDOWS\System32\KERNELBASE.dll
0x00007ffca47f0000 - 0x00007ffca48f0000 	C:\WINDOWS\System32\ucrtbase.dll
0x00007ffc8ce80000 - 0x00007ffc8ce95000 	C:\DEV\jdk-11.0.9\bin\VCRUNTIME140.dll
0x00007ffc8cef0000 - 0x00007ffc8cf08000 	C:\DEV\jdk-11.0.9\bin\jli.dll
0x00007ffca6ce0000 - 0x00007ffca6d8c000 	C:\WINDOWS\System32\ADVAPI32.dll
0x00007ffca51b0000 - 0x00007ffca524e000 	C:\WINDOWS\System32\msvcrt.dll
0x00007ffca5730000 - 0x00007ffca57cb000 	C:\WINDOWS\System32\sechost.dll
0x00007ffca57d0000 - 0x00007ffca58fa000 	C:\WINDOWS\System32\RPCRT4.dll
0x00007ffca5d90000 - 0x00007ffca5f30000 	C:\WINDOWS\System32\USER32.dll
0x00007ffca4ed0000 - 0x00007ffca4ef2000 	C:\WINDOWS\System32\win32u.dll
0x00007ffca5510000 - 0x00007ffca553a000 	C:\WINDOWS\System32\GDI32.dll
0x00007ffca5010000 - 0x00007ffca511b000 	C:\WINDOWS\System32\gdi32full.dll
0x00007ffca4c10000 - 0x00007ffca4cad000 	C:\WINDOWS\System32\msvcp_win.dll
0x00007ffca3be0000 - 0x00007ffca3e7a000 	C:\WINDOWS\WinSxS\amd64_microsoft.windows.common-controls_6595b64144ccf1df_6.0.19041.1110_none_60b5254171f9507e\COMCTL32.dll
0x00007ffc9f260000 - 0x00007ffc9f26a000 	C:\WINDOWS\SYSTEM32\VERSION.dll
0x00007ffca5540000 - 0x00007ffca5570000 	C:\WINDOWS\System32\IMM32.DLL
0x00007ffc86390000 - 0x00007ffc8642b000 	C:\DEV\jdk-11.0.9\bin\msvcp140.dll
0x00007ffc440c0000 - 0x00007ffc44bb7000 	C:\DEV\jdk-11.0.9\bin\server\jvm.dll
0x00007ffca6fb0000 - 0x00007ffca6fb8000 	C:\WINDOWS\System32\PSAPI.DLL
0x00007ffc883a0000 - 0x00007ffc883c7000 	C:\WINDOWS\SYSTEM32\WINMM.dll
0x00007ffc98f80000 - 0x00007ffc98f89000 	C:\WINDOWS\SYSTEM32\WSOCK32.dll
0x00007ffca5f30000 - 0x00007ffca5f9b000 	C:\WINDOWS\System32\WS2_32.dll
0x00007ffca22e0000 - 0x00007ffca22f2000 	C:\WINDOWS\SYSTEM32\kernel.appcore.dll
0x00007ffc9cd90000 - 0x00007ffc9cda0000 	C:\DEV\jdk-11.0.9\bin\verify.dll
0x00007ffca41a0000 - 0x00007ffca4384000 	C:\WINDOWS\SYSTEM32\DBGHELP.DLL
0x00007ffca4170000 - 0x00007ffca419c000 	C:\WINDOWS\SYSTEM32\dbgcore.DLL
0x00007ffca4e40000 - 0x00007ffca4ec3000 	C:\WINDOWS\System32\bcryptPrimitives.dll
0x00007ffc862f0000 - 0x00007ffc86318000 	C:\DEV\jdk-11.0.9\bin\java.dll
0x00007ffc96960000 - 0x00007ffc9696a000 	C:\DEV\jdk-11.0.9\bin\jimage.dll
0x00007ffc862d0000 - 0x00007ffc862e6000 	C:\DEV\jdk-11.0.9\bin\zip.dll

dbghelp: loaded successfully - version: 4.0.5 - missing functions: none
symbol engine: initialized successfully - sym options: 0x614 - pdb path: .;C:\DEV\jdk-11.0.9\bin;C:\WINDOWS\SYSTEM32;C:\WINDOWS\WinSxS\amd64_microsoft.windows.common-controls_6595b64144ccf1df_6.0.19041.1110_none_60b5254171f9507e;C:\DEV\jdk-11.0.9\bin\server

VM Arguments:
jvm_args: -Dfile.encoding=MS949 
java_command: GamePage
java_class_path (initial): C:\DEV\eclipse-workspace\GameProject\bin
Launcher Type: SUN_STANDARD

[Global flags]
     intx CICompilerCount                          = 4                                         {product} {ergonomic}
     uint ConcGCThreads                            = 2                                         {product} {ergonomic}
     uint G1ConcRefinementThreads                  = 8                                         {product} {ergonomic}
   size_t G1HeapRegionSize                         = 1048576                                   {product} {ergonomic}
    uintx GCDrainStackTargetSize                   = 64                                        {product} {ergonomic}
   size_t InitialHeapSize                          = 132120576                                 {product} {ergonomic}
   size_t MarkStackSize                            = 4194304                                   {product} {ergonomic}
   size_t MaxHeapSize                              = 2099249152                                {product} {ergonomic}
   size_t MinHeapDeltaBytes                        = 1048576                                   {product} {ergonomic}
    uintx NonNMethodCodeHeapSize                   = 5836300                                {pd product} {ergonomic}
    uintx NonProfiledCodeHeapSize                  = 122910970                              {pd product} {ergonomic}
    uintx ProfiledCodeHeapSize                     = 122910970                              {pd product} {ergonomic}
    uintx ReservedCodeCacheSize                    = 251658240                              {pd product} {ergonomic}
     bool SegmentedCodeCache                       = true                                      {product} {ergonomic}
     bool UseCompressedClassPointers               = true                                 {lp64_product} {ergonomic}
     bool UseCompressedOops                        = true                                 {lp64_product} {ergonomic}
     bool UseG1GC                                  = true                                      {product} {ergonomic}
     bool UseLargePagesIndividualAllocation        = false                                  {pd product} {ergonomic}

Logging:
Log output configuration:
 #0: stdout all=warning uptime,level,tags
 #1: stderr all=off uptime,level,tags

Environment Variables:
JAVA_HOME=C:\DEV\jdk-11.0.9
PATH=C:\Program Files\Common Files\Oracle\Java\javapath;C:\WINDOWS\system32;C:\WINDOWS;C:\WINDOWS\System32\Wbem;C:\WINDOWS\System32\WindowsPowerShell\v1.0\;C:\WINDOWS\System32\OpenSSH\;C:\DEV\jdk-11.0.9\bin;C:\Users\USER\AppData\Local\Microsoft\WindowsApps;
USERNAME=USER
OS=Windows_NT
PROCESSOR_IDENTIFIER=Intel64 Family 6 Model 142 Stepping 12, GenuineIntel



---------------  S Y S T E M  ---------------

OS: Windows 10 , 64 bit Build 19041 (10.0.19041.1023)

CPU:total 8 (initial active 8) (4 cores per cpu, 2 threads per core) family 6 model 142 stepping 12, cmov, cx8, fxsr, mmx, sse, sse2, sse3, ssse3, sse4.1, sse4.2, popcnt, avx, avx2, aes, clmul, erms, 3dnowpref, lzcnt, ht, tsc, tscinvbit, bmi1, bmi2, adx, fma

Memory: 4k page, system-wide physical 8001M (1090M free)
TotalPageFile size 32577M (AvailPageFile size 105M)
current process WorkingSet (physical memory assigned to process): 10M, peak: 10M
current process commit charge ("private bytes"): 60M, peak: 185M

vm_info: Java HotSpot(TM) 64-Bit Server VM (11.0.9+7-LTS) for windows-amd64 JRE (11.0.9+7-LTS), built on Sep 15 2020 16:47:03 by "mach5one" with MS VC++ 15.9 (VS2017)

END.
